Activating service name='org.gtk.vfs.Daemon'
Successfully activated service 'org.gtk.vfs.Daemon'
Activating service name='org.xfce.Xfconf'
Activating service name='org.a11y.Bus'
Successfully activated service 'org.xfce.Xfconf'
Successfully activated service 'org.a11y.Bus'
Activating service name='ca.desrt.dconf'
Successfully activated service 'ca.desrt.dconf'
Activating service name='org.freedesktop.Notifications'
Successfully activated service 'org.freedesktop.Notifications'
Activating service name='org.gtk.vfs.UDisks2VolumeMonitor'
Successfully activated service 'org.gtk.vfs.UDisks2VolumeMonitor'
Activating service name='org.gtk.vfs.GPhoto2VolumeMonitor'
Successfully activated service 'org.gtk.vfs.GPhoto2VolumeMonitor'
Activating service name='org.gtk.vfs.MTPVolumeMonitor'
Successfully activated service 'org.gtk.vfs.MTPVolumeMonitor'
Activating service name='org.gtk.vfs.AfcVolumeMonitor'
Successfully activated service 'org.gtk.vfs.AfcVolumeMonitor'
Activating service name='org.gtk.vfs.GoaVolumeMonitor'
Activating service name='com.canonical.indicator.application'
Successfully activated service 'org.gtk.vfs.GoaVolumeMonitor'
Successfully activated service 'com.canonical.indicator.application'
